<?xml version="1.0" encoding="UTF-8"?>
<!-- Generated by org.testng.reporters.JUnitReportReporter -->
<testsuite hostname="Jeya-Lenovo" name="com.stta.SuiteTwo.SuiteTwoCaseTwo" tests="2" failures="2" timestamp="5 Nov 2015 11:36:40 GMT" time="0.000" errors="0">
  <testcase name="SuiteTwoCaseTwoTest" time="0.000" classname="com.stta.SuiteTwo.SuiteTwoCaseTwo"/>
  <testcase name="SuiteTwoCaseTwoTest" time="0.000" classname="com.stta.SuiteTwo.SuiteTwoCaseTwo"/>
</testsuite> <!-- com.stta.SuiteTwo.SuiteTwoCaseTwo -->
