<?xml version="1.0" encoding="UTF-8"?>
<!-- Generated by org.testng.reporters.JUnitReportReporter -->
<testsuite hostname="Jeya-Lenovo" name="com.stta.SuiteTwo.SAmlpLogin" tests="3" failures="3" timestamp="5 Nov 2015 11:36:40 GMT" time="0.000" errors="0">
  <testcase name="SuiteTwoCaseOneTest" time="0.000" classname="com.stta.SuiteTwo.SAmlpLogin"/>
  <testcase name="SuiteTwoCaseOneTest" time="0.000" classname="com.stta.SuiteTwo.SAmlpLogin"/>
  <testcase name="SuiteTwoCaseOneTest" time="0.000" classname="com.stta.SuiteTwo.SAmlpLogin"/>
</testsuite> <!-- com.stta.SuiteTwo.SAmlpLogin -->
